<?xml version="1.0" encoding="UTF-8"?>
<!-- Generated by org.testng.reporters.JUnitReportReporter -->
<testsuite skipped="1" hostname="DESKTOP-7M67OUT" name="tests.UserRegistrationTestWithDDTAndExcel" tests="1" failures="0" timestamp="2021-12-05T02:06:15 EET" time="0.000" errors="0">
  <testcase name="UserCanRegisterSuccessfully" time="0.000" classname="tests.UserRegistrationTestWithDDTAndExcel">
    <skipped/>
  </testcase> <!-- UserCanRegisterSuccessfully -->
  <system-out/>
</testsuite> <!-- tests.UserRegistrationTestWithDDTAndExcel -->
